<?xml version="1.0" encoding="UTF-8"?>
<!-- Generated by org.testng.reporters.JUnitXMLReporter -->
<testsuite ignored="0" hostname="Mamuns-MacBook-Pro.local" failures="0" tests="4" name="SmokeTest" time="0.033" errors="0" timestamp="2021-03-04T03:21:33 EST">
  <testcase classname="com.OrangeHrm.DemoTestNG" name="method4" time="0.006"/>
  <testcase classname="com.OrangeHrm.DemoTestNG" name="method3" time="0.0"/>
  <testcase classname="com.OrangeHrm.DemoTestNG" name="method2" time="0.0"/>
  <testcase classname="com.OrangeHrm.DemoTestNG" name="method1" time="0.001"/>
</testsuite> <!-- SmokeTest -->
