<?xml version="1.0" encoding="UTF-8"?>
<!-- Generated by org.testng.reporters.JUnitXMLReporter -->
<testsuite ignored="0" hostname="Mamuns-MacBook-Pro.local" failures="0" tests="4" name="Unittesting" time="0.047" errors="0" timestamp="2021-03-04T03:20:31 EST">
  <testcase classname="com.OrangeHrm.DemoTestNG" name="method4" time="0.008"/>
  <testcase classname="com.OrangeHrm.DemoTestNG" name="method3" time="0.001"/>
  <testcase classname="com.OrangeHrm.DemoTestNG" name="method2" time="0.001"/>
  <testcase classname="com.OrangeHrm.DemoTestNG" name="method1" time="0.001"/>
</testsuite> <!-- Unittesting -->
