<?xml version="1.0" encoding="UTF-8"?>
<testng-results ignored="0" total="1" passed="1" failed="0" skipped="0">
  <reporter-output>
  </reporter-output>
  <suite started-at="2021-03-10T20:52:29 EST" name="Default suite" finished-at="2021-03-10T20:52:29 EST" duration-ms="368">
    <groups>
    </groups>
    <test started-at="2021-03-10T20:52:29 EST" name="Default test" finished-at="2021-03-10T20:52:29 EST" duration-ms="368">
      <class name="reportsdemo.TestReprots">
        <test-method signature="generateReport()[pri:0, instance:reportsdemo.TestReprots@41c2284a]" started-at="2021-03-10T20:52:29 EST" name="generateReport" finished-at="2021-03-10T20:52:29 EST" duration-ms="347" status="PASS">
          <reporter-output>
          </reporter-output>
        </test-method> <!-- generateReport -->
      </class> <!-- reportsdemo.TestReprots -->
    </test> <!-- Default test -->
  </suite> <!-- Default suite -->
</testng-results>
